<?xml version="1.0" encoding="UTF-8"?>
<Site BuildName="Linux-g++"
	BuildStamp="20220414-1112-Experimental"
	Name="VM-8-16-ubuntu"
	Generator="ctest-3.16.3"
	CompilerName="/usr/bin/g++"
	CompilerVersion="9.4.0"
	OSName="Linux"
	Hostname="VM-8-16-ubuntu"
	OSRelease="5.4.0-96-generic"
	OSVersion="#109-Ubuntu SMP Wed Jan 12 16:49:16 UTC 2022"
	OSPlatform="x86_64"
	Is64Bits="1"
	VendorString="AuthenticAMD"
	VendorID="Advanced Micro Devices"
	FamilyID="23"
	ModelID="49"
	ProcessorCacheSize="512"
	NumberOfLogicalCPU="2"
	NumberOfPhysicalCPU="2"
	TotalVirtualMemory="4096"
	TotalPhysicalMemory="1982"
	LogicalProcessorsPerPhysical="1"
	ProcessorClockFrequency="2595.12"
	>
	<Testing>
		<StartDateTime>Apr 14 19:12 CST</StartDateTime>
		<StartTestTime>1649934731</StartTestTime>
		<TestList/>
		<EndDateTime>Apr 14 19:12 CST</EndDateTime>
		<EndTestTime>1649934731</EndTestTime>
		<ElapsedMinutes>0</ElapsedMinutes>
	</Testing>
</Site>
